2024-10-07 17:31:33.099 [main] INFO  org.anz.challenge.util.Log - Execution Started
2024-10-07 17:31:33.101 [main] INFO  org.anz.challenge.util.Log - Input File Name: 1_million.csv
2024-10-07 17:31:33.102 [main] INFO  org.anz.challenge.util.Log - Execution Type: MultiThread
2024-10-07 17:31:33.102 [main] INFO  org.anz.challenge.util.Log - Thread Count: 6
2024-10-07 17:31:36.903 [main] INFO  org.anz.challenge.util.Log - Currency Pair: NZD/GBP
2024-10-07 17:31:36.913 [main] INFO  org.anz.challenge.util.Log - Time: 12:00 AM - 01:00 AM  |  VWAP: 0.47043264422946246
2024-10-07 17:31:36.914 [main] INFO  org.anz.challenge.util.Log - Time: 01:00 AM - 02:00 AM  |  VWAP: 0.47041258373907374
2024-10-07 17:31:36.914 [main] INFO  org.anz.challenge.util.Log - Time: 02:00 AM - 03:00 AM  |  VWAP: 0.4706324876434644
2024-10-07 17:31:36.914 [main] INFO  org.anz.challenge.util.Log - Time: 03:00 AM - 04:00 AM  |  VWAP: 0.4705312528151842
2024-10-07 17:31:36.914 [main] INFO  org.anz.challenge.util.Log - Time: 04:00 AM - 05:00 AM  |  VWAP: 0.47042775416192467
2024-10-07 17:31:36.914 [main] INFO  org.anz.challenge.util.Log - Time: 05:00 AM - 06:00 AM  |  VWAP: 0.470506981367563
2024-10-07 17:31:36.914 [main] INFO  org.anz.challenge.util.Log - Time: 06:00 AM - 07:00 AM  |  VWAP: 0.47039116011364784
2024-10-07 17:31:36.915 [main] INFO  org.anz.challenge.util.Log - Time: 07:00 AM - 08:00 AM  |  VWAP: 0.47031513523463314
2024-10-07 17:31:36.915 [main] INFO  org.anz.challenge.util.Log - Time: 08:00 AM - 09:00 AM  |  VWAP: 0.47047637280242344
2024-10-07 17:31:36.915 [main] INFO  org.anz.challenge.util.Log - Time: 09:00 AM - 10:00 AM  |  VWAP: 0.4703773494292939
2024-10-07 17:31:36.915 [main] INFO  org.anz.challenge.util.Log - Time: 10:00 AM - 11:00 AM  |  VWAP: 0.4704042356195735
2024-10-07 17:31:36.915 [main] INFO  org.anz.challenge.util.Log - Time: 11:00 AM - 12:00 AM  |  VWAP: 0.47045016567391884
2024-10-07 17:31:36.915 [main] INFO  org.anz.challenge.util.Log - Time: 12:00 PM - 01:00 PM  |  VWAP: 0.4704446539459658
2024-10-07 17:31:36.915 [main] INFO  org.anz.challenge.util.Log - Time: 01:00 PM - 02:00 PM  |  VWAP: 0.4705103490443652
2024-10-07 17:31:36.915 [main] INFO  org.anz.challenge.util.Log - Time: 02:00 PM - 03:00 PM  |  VWAP: 0.4704930401703076
2024-10-07 17:31:36.915 [main] INFO  org.anz.challenge.util.Log - Time: 03:00 PM - 04:00 PM  |  VWAP: 0.4703896622542775
2024-10-07 17:31:36.915 [main] INFO  org.anz.challenge.util.Log - Time: 04:00 PM - 05:00 PM  |  VWAP: 0.4704472310499697
2024-10-07 17:31:36.916 [main] INFO  org.anz.challenge.util.Log - Time: 05:00 PM - 06:00 PM  |  VWAP: 0.4704505403503677
2024-10-07 17:31:36.916 [main] INFO  org.anz.challenge.util.Log - Time: 06:00 PM - 07:00 PM  |  VWAP: 0.47051101133677026
2024-10-07 17:31:36.916 [main] INFO  org.anz.challenge.util.Log - Time: 07:00 PM - 08:00 PM  |  VWAP: 0.4704071000892257
2024-10-07 17:31:36.916 [main] INFO  org.anz.challenge.util.Log - Time: 08:00 PM - 09:00 PM  |  VWAP: 0.4703995419326157
2024-10-07 17:31:36.916 [main] INFO  org.anz.challenge.util.Log - Time: 09:00 PM - 10:00 PM  |  VWAP: 0.4705815651779642
2024-10-07 17:31:36.916 [main] INFO  org.anz.challenge.util.Log - Time: 10:00 PM - 11:00 PM  |  VWAP: 0.4704439575750269
2024-10-07 17:31:36.916 [main] INFO  org.anz.challenge.util.Log - Time: 11:00 PM - 12:00 PM  |  VWAP: 0.4703586168801727
2024-10-07 17:31:36.920 [main] INFO  org.anz.challenge.util.Log - Currency Pair: AUD/USD
2024-10-07 17:31:36.920 [main] INFO  org.anz.challenge.util.Log - Time: 12:00 AM - 01:00 AM  |  VWAP: 0.6801890667007254
2024-10-07 17:31:36.920 [main] INFO  org.anz.challenge.util.Log - Time: 01:00 AM - 02:00 AM  |  VWAP: 0.67993610457845
2024-10-07 17:31:36.920 [main] INFO  org.anz.challenge.util.Log - Time: 02:00 AM - 03:00 AM  |  VWAP: 0.6801101852438219
2024-10-07 17:31:36.920 [main] INFO  org.anz.challenge.util.Log - Time: 03:00 AM - 04:00 AM  |  VWAP: 0.6799726636039991
2024-10-07 17:31:36.920 [main] INFO  org.anz.challenge.util.Log - Time: 04:00 AM - 05:00 AM  |  VWAP: 0.679788929004096
2024-10-07 17:31:36.920 [main] INFO  org.anz.challenge.util.Log - Time: 05:00 AM - 06:00 AM  |  VWAP: 0.6802303780543754
2024-10-07 17:31:36.920 [main] INFO  org.anz.challenge.util.Log - Time: 06:00 AM - 07:00 AM  |  VWAP: 0.6798198972085838
2024-10-07 17:31:36.920 [main] INFO  org.anz.challenge.util.Log - Time: 07:00 AM - 08:00 AM  |  VWAP: 0.6800679321396602
2024-10-07 17:31:36.920 [main] INFO  org.anz.challenge.util.Log - Time: 08:00 AM - 09:00 AM  |  VWAP: 0.6802437321766094
2024-10-07 17:31:36.920 [main] INFO  org.anz.challenge.util.Log - Time: 09:00 AM - 10:00 AM  |  VWAP: 0.6796310173717393
2024-10-07 17:31:36.921 [main] INFO  org.anz.challenge.util.Log - Time: 10:00 AM - 11:00 AM  |  VWAP: 0.6802219836770672
2024-10-07 17:31:36.921 [main] INFO  org.anz.challenge.util.Log - Time: 11:00 AM - 12:00 AM  |  VWAP: 0.6800437567432197
2024-10-07 17:31:36.921 [main] INFO  org.anz.challenge.util.Log - Time: 12:00 PM - 01:00 PM  |  VWAP: 0.679954384753639
2024-10-07 17:31:36.921 [main] INFO  org.anz.challenge.util.Log - Time: 01:00 PM - 02:00 PM  |  VWAP: 0.6795011079101828
2024-10-07 17:31:36.921 [main] INFO  org.anz.challenge.util.Log - Time: 02:00 PM - 03:00 PM  |  VWAP: 0.6799357403068328
2024-10-07 17:31:36.921 [main] INFO  org.anz.challenge.util.Log - Time: 03:00 PM - 04:00 PM  |  VWAP: 0.6802505857753025
2024-10-07 17:31:36.921 [main] INFO  org.anz.challenge.util.Log - Time: 04:00 PM - 05:00 PM  |  VWAP: 0.679743863064376
2024-10-07 17:31:36.921 [main] INFO  org.anz.challenge.util.Log - Time: 05:00 PM - 06:00 PM  |  VWAP: 0.6802375639746703
2024-10-07 17:31:36.921 [main] INFO  org.anz.challenge.util.Log - Time: 06:00 PM - 07:00 PM  |  VWAP: 0.680064262060066
2024-10-07 17:31:36.922 [main] INFO  org.anz.challenge.util.Log - Time: 07:00 PM - 08:00 PM  |  VWAP: 0.6799424119988388
2024-10-07 17:31:36.922 [main] INFO  org.anz.challenge.util.Log - Time: 08:00 PM - 09:00 PM  |  VWAP: 0.680064503416992
2024-10-07 17:31:36.922 [main] INFO  org.anz.challenge.util.Log - Time: 09:00 PM - 10:00 PM  |  VWAP: 0.6800813605733886
2024-10-07 17:31:36.922 [main] INFO  org.anz.challenge.util.Log - Time: 10:00 PM - 11:00 PM  |  VWAP: 0.6799288154883419
2024-10-07 17:31:36.922 [main] INFO  org.anz.challenge.util.Log - Time: 11:00 PM - 12:00 PM  |  VWAP: 0.679851257248558
2024-10-07 17:31:36.922 [main] INFO  org.anz.challenge.util.Log - Currency Pair: USD/JPY
2024-10-07 17:31:36.922 [main] INFO  org.anz.challenge.util.Log - Time: 12:00 AM - 01:00 AM  |  VWAP: 144.936198553415
2024-10-07 17:31:36.922 [main] INFO  org.anz.challenge.util.Log - Time: 01:00 AM - 02:00 AM  |  VWAP: 145.01292723472892
2024-10-07 17:31:36.922 [main] INFO  org.anz.challenge.util.Log - Time: 02:00 AM - 03:00 AM  |  VWAP: 144.98762731814975
2024-10-07 17:31:36.922 [main] INFO  org.anz.challenge.util.Log - Time: 03:00 AM - 04:00 AM  |  VWAP: 145.07401433384408
2024-10-07 17:31:36.922 [main] INFO  org.anz.challenge.util.Log - Time: 04:00 AM - 05:00 AM  |  VWAP: 145.14060876316077
2024-10-07 17:31:36.922 [main] INFO  org.anz.challenge.util.Log - Time: 05:00 AM - 06:00 AM  |  VWAP: 144.9828442145182
2024-10-07 17:31:36.922 [main] INFO  org.anz.challenge.util.Log - Time: 06:00 AM - 07:00 AM  |  VWAP: 145.09727075734057
2024-10-07 17:31:36.922 [main] INFO  org.anz.challenge.util.Log - Time: 07:00 AM - 08:00 AM  |  VWAP: 145.062738504318
2024-10-07 17:31:36.923 [main] INFO  org.anz.challenge.util.Log - Time: 08:00 AM - 09:00 AM  |  VWAP: 144.97365726675653
2024-10-07 17:31:36.923 [main] INFO  org.anz.challenge.util.Log - Time: 09:00 AM - 10:00 AM  |  VWAP: 144.9603026777458
2024-10-07 17:31:36.923 [main] INFO  org.anz.challenge.util.Log - Time: 10:00 AM - 11:00 AM  |  VWAP: 145.02738145421355
2024-10-07 17:31:36.923 [main] INFO  org.anz.challenge.util.Log - Time: 11:00 AM - 12:00 AM  |  VWAP: 145.0318676811288
2024-10-07 17:31:36.923 [main] INFO  org.anz.challenge.util.Log - Time: 12:00 PM - 01:00 PM  |  VWAP: 145.0630660674113
2024-10-07 17:31:36.924 [main] INFO  org.anz.challenge.util.Log - Time: 01:00 PM - 02:00 PM  |  VWAP: 144.9947998989303
2024-10-07 17:31:36.924 [main] INFO  org.anz.challenge.util.Log - Time: 02:00 PM - 03:00 PM  |  VWAP: 145.01684272644061
2024-10-07 17:31:36.924 [main] INFO  org.anz.challenge.util.Log - Time: 03:00 PM - 04:00 PM  |  VWAP: 145.03163183183108
2024-10-07 17:31:36.924 [main] INFO  org.anz.challenge.util.Log - Time: 04:00 PM - 05:00 PM  |  VWAP: 145.00515031953833
2024-10-07 17:31:36.924 [main] INFO  org.anz.challenge.util.Log - Time: 05:00 PM - 06:00 PM  |  VWAP: 145.07622075313782
2024-10-07 17:31:36.924 [main] INFO  org.anz.challenge.util.Log - Time: 06:00 PM - 07:00 PM  |  VWAP: 144.98805585033938
2024-10-07 17:31:36.924 [main] INFO  org.anz.challenge.util.Log - Time: 07:00 PM - 08:00 PM  |  VWAP: 145.03623834160172
2024-10-07 17:31:36.924 [main] INFO  org.anz.challenge.util.Log - Time: 08:00 PM - 09:00 PM  |  VWAP: 144.98157137247802
2024-10-07 17:31:36.924 [main] INFO  org.anz.challenge.util.Log - Time: 09:00 PM - 10:00 PM  |  VWAP: 144.90774781644868
2024-10-07 17:31:36.924 [main] INFO  org.anz.challenge.util.Log - Time: 10:00 PM - 11:00 PM  |  VWAP: 144.8957350153763
2024-10-07 17:31:36.924 [main] INFO  org.anz.challenge.util.Log - Time: 11:00 PM - 12:00 PM  |  VWAP: 145.06160851370862
2024-10-07 17:31:36.924 [main] INFO  org.anz.challenge.util.Log - Currency Pair: INR/AUD
2024-10-07 17:31:36.924 [main] INFO  org.anz.challenge.util.Log - Time: 12:00 AM - 01:00 AM  |  VWAP: 0.01993250271252147
2024-10-07 17:31:36.925 [main] INFO  org.anz.challenge.util.Log - Time: 01:00 AM - 02:00 AM  |  VWAP: 0.0199477834852843
2024-10-07 17:31:36.925 [main] INFO  org.anz.challenge.util.Log - Time: 02:00 AM - 03:00 AM  |  VWAP: 0.01995151054754641
2024-10-07 17:31:36.925 [main] INFO  org.anz.challenge.util.Log - Time: 03:00 AM - 04:00 AM  |  VWAP: 0.019936938872021154
2024-10-07 17:31:36.925 [main] INFO  org.anz.challenge.util.Log - Time: 04:00 AM - 05:00 AM  |  VWAP: 0.019975672880167394
2024-10-07 17:31:36.925 [main] INFO  org.anz.challenge.util.Log - Time: 05:00 AM - 06:00 AM  |  VWAP: 0.020009114687219776
2024-10-07 17:31:36.925 [main] INFO  org.anz.challenge.util.Log - Time: 06:00 AM - 07:00 AM  |  VWAP: 0.01982302737305863
2024-10-07 17:31:36.925 [main] INFO  org.anz.challenge.util.Log - Time: 07:00 AM - 08:00 AM  |  VWAP: 0.01997455398641503
2024-10-07 17:31:36.925 [main] INFO  org.anz.challenge.util.Log - Time: 08:00 AM - 09:00 AM  |  VWAP: 0.019899079875917047
2024-10-07 17:31:36.925 [main] INFO  org.anz.challenge.util.Log - Time: 09:00 AM - 10:00 AM  |  VWAP: 0.019905488988362884
2024-10-07 17:31:36.925 [main] INFO  org.anz.challenge.util.Log - Time: 10:00 AM - 11:00 AM  |  VWAP: 0.020006760372209758
2024-10-07 17:31:36.925 [main] INFO  org.anz.challenge.util.Log - Time: 11:00 AM - 12:00 AM  |  VWAP: 0.01994076187442151
2024-10-07 17:31:36.925 [main] INFO  org.anz.challenge.util.Log - Time: 12:00 PM - 01:00 PM  |  VWAP: 0.019952486733845694
2024-10-07 17:31:36.925 [main] INFO  org.anz.challenge.util.Log - Time: 01:00 PM - 02:00 PM  |  VWAP: 0.02000211878282112
2024-10-07 17:31:36.925 [main] INFO  org.anz.challenge.util.Log - Time: 02:00 PM - 03:00 PM  |  VWAP: 0.019984936699263354
2024-10-07 17:31:36.925 [main] INFO  org.anz.challenge.util.Log - Time: 03:00 PM - 04:00 PM  |  VWAP: 0.0199225625156658
2024-10-07 17:31:36.926 [main] INFO  org.anz.challenge.util.Log - Time: 04:00 PM - 05:00 PM  |  VWAP: 0.019905394639544598
2024-10-07 17:31:36.926 [main] INFO  org.anz.challenge.util.Log - Time: 05:00 PM - 06:00 PM  |  VWAP: 0.019938299905204057
2024-10-07 17:31:36.926 [main] INFO  org.anz.challenge.util.Log - Time: 06:00 PM - 07:00 PM  |  VWAP: 0.019968504580590938
2024-10-07 17:31:36.926 [main] INFO  org.anz.challenge.util.Log - Time: 07:00 PM - 08:00 PM  |  VWAP: 0.019995556656222997
2024-10-07 17:31:36.926 [main] INFO  org.anz.challenge.util.Log - Time: 08:00 PM - 09:00 PM  |  VWAP: 0.019844009122493178
2024-10-07 17:31:36.926 [main] INFO  org.anz.challenge.util.Log - Time: 09:00 PM - 10:00 PM  |  VWAP: 0.01997613411372426
2024-10-07 17:31:36.926 [main] INFO  org.anz.challenge.util.Log - Time: 10:00 PM - 11:00 PM  |  VWAP: 0.01997535087325121
2024-10-07 17:31:36.926 [main] INFO  org.anz.challenge.util.Log - Time: 11:00 PM - 12:00 PM  |  VWAP: 0.019904445699737944
2024-10-07 17:31:36.926 [main] INFO  org.anz.challenge.util.Log - Currency Pair: USD/CAD
2024-10-07 17:31:36.926 [main] INFO  org.anz.challenge.util.Log - Time: 12:00 AM - 01:00 AM  |  VWAP: 1.355345774709399
2024-10-07 17:31:36.926 [main] INFO  org.anz.challenge.util.Log - Time: 01:00 AM - 02:00 AM  |  VWAP: 1.3554571540690448
2024-10-07 17:31:36.926 [main] INFO  org.anz.challenge.util.Log - Time: 02:00 AM - 03:00 AM  |  VWAP: 1.3551469137234553
2024-10-07 17:31:36.926 [main] INFO  org.anz.challenge.util.Log - Time: 03:00 AM - 04:00 AM  |  VWAP: 1.3545662863485592
2024-10-07 17:31:36.926 [main] INFO  org.anz.challenge.util.Log - Time: 04:00 AM - 05:00 AM  |  VWAP: 1.3543211318901962
2024-10-07 17:31:36.926 [main] INFO  org.anz.challenge.util.Log - Time: 05:00 AM - 06:00 AM  |  VWAP: 1.3543896872306724
2024-10-07 17:31:36.927 [main] INFO  org.anz.challenge.util.Log - Time: 06:00 AM - 07:00 AM  |  VWAP: 1.3550686205819793
2024-10-07 17:31:36.927 [main] INFO  org.anz.challenge.util.Log - Time: 07:00 AM - 08:00 AM  |  VWAP: 1.3544137155209341
2024-10-07 17:31:36.927 [main] INFO  org.anz.challenge.util.Log - Time: 08:00 AM - 09:00 AM  |  VWAP: 1.35567752219747
2024-10-07 17:31:36.927 [main] INFO  org.anz.challenge.util.Log - Time: 09:00 AM - 10:00 AM  |  VWAP: 1.3557009873142662
2024-10-07 17:31:36.927 [main] INFO  org.anz.challenge.util.Log - Time: 10:00 AM - 11:00 AM  |  VWAP: 1.3541666848063214
2024-10-07 17:31:36.927 [main] INFO  org.anz.challenge.util.Log - Time: 11:00 AM - 12:00 AM  |  VWAP: 1.3552408603709194
2024-10-07 17:31:36.927 [main] INFO  org.anz.challenge.util.Log - Time: 12:00 PM - 01:00 PM  |  VWAP: 1.354360395856863
2024-10-07 17:31:36.927 [main] INFO  org.anz.challenge.util.Log - Time: 01:00 PM - 02:00 PM  |  VWAP: 1.3541690136107871
2024-10-07 17:31:36.927 [main] INFO  org.anz.challenge.util.Log - Time: 02:00 PM - 03:00 PM  |  VWAP: 1.354425405840839
2024-10-07 17:31:36.927 [main] INFO  org.anz.challenge.util.Log - Time: 03:00 PM - 04:00 PM  |  VWAP: 1.3556941295693647
2024-10-07 17:31:36.927 [main] INFO  org.anz.challenge.util.Log - Time: 04:00 PM - 05:00 PM  |  VWAP: 1.3552122326190708
2024-10-07 17:31:36.927 [main] INFO  org.anz.challenge.util.Log - Time: 05:00 PM - 06:00 PM  |  VWAP: 1.3553298890295504
2024-10-07 17:31:36.927 [main] INFO  org.anz.challenge.util.Log - Time: 06:00 PM - 07:00 PM  |  VWAP: 1.353429946850993
2024-10-07 17:31:36.927 [main] INFO  org.anz.challenge.util.Log - Time: 07:00 PM - 08:00 PM  |  VWAP: 1.3551526410638397
2024-10-07 17:31:36.927 [main] INFO  org.anz.challenge.util.Log - Time: 08:00 PM - 09:00 PM  |  VWAP: 1.3560145979074576
2024-10-07 17:31:36.928 [main] INFO  org.anz.challenge.util.Log - Time: 09:00 PM - 10:00 PM  |  VWAP: 1.356045488034848
2024-10-07 17:31:36.928 [main] INFO  org.anz.challenge.util.Log - Time: 10:00 PM - 11:00 PM  |  VWAP: 1.3537954399656809
2024-10-07 17:31:36.928 [main] INFO  org.anz.challenge.util.Log - Time: 11:00 PM - 12:00 PM  |  VWAP: 1.3549454237949297
2024-10-07 17:31:36.928 [main] INFO  org.anz.challenge.util.Log - Currency Pair: EUR/USD
2024-10-07 17:31:36.929 [main] INFO  org.anz.challenge.util.Log - Time: 12:00 AM - 01:00 AM  |  VWAP: 1.085366691082742
2024-10-07 17:31:36.929 [main] INFO  org.anz.challenge.util.Log - Time: 01:00 AM - 02:00 AM  |  VWAP: 1.0847711687541755
2024-10-07 17:31:36.929 [main] INFO  org.anz.challenge.util.Log - Time: 02:00 AM - 03:00 AM  |  VWAP: 1.0850661012129497
2024-10-07 17:31:36.929 [main] INFO  org.anz.challenge.util.Log - Time: 03:00 AM - 04:00 AM  |  VWAP: 1.0845404180190892
2024-10-07 17:31:36.929 [main] INFO  org.anz.challenge.util.Log - Time: 04:00 AM - 05:00 AM  |  VWAP: 1.0843564664673064
2024-10-07 17:31:36.929 [main] INFO  org.anz.challenge.util.Log - Time: 05:00 AM - 06:00 AM  |  VWAP: 1.0844385767134506
2024-10-07 17:31:36.929 [main] INFO  org.anz.challenge.util.Log - Time: 06:00 AM - 07:00 AM  |  VWAP: 1.0856975276317928
2024-10-07 17:31:36.929 [main] INFO  org.anz.challenge.util.Log - Time: 07:00 AM - 08:00 AM  |  VWAP: 1.0864084011906534
2024-10-07 17:31:36.929 [main] INFO  org.anz.challenge.util.Log - Time: 08:00 AM - 09:00 AM  |  VWAP: 1.08572151020805
2024-10-07 17:31:36.929 [main] INFO  org.anz.challenge.util.Log - Time: 09:00 AM - 10:00 AM  |  VWAP: 1.085372524877871
2024-10-07 17:31:36.929 [main] INFO  org.anz.challenge.util.Log - Time: 10:00 AM - 11:00 AM  |  VWAP: 1.0844584117181328
2024-10-07 17:31:36.930 [main] INFO  org.anz.challenge.util.Log - Time: 11:00 AM - 12:00 AM  |  VWAP: 1.0852633784111665
2024-10-07 17:31:36.930 [main] INFO  org.anz.challenge.util.Log - Time: 12:00 PM - 01:00 PM  |  VWAP: 1.084329925419945
2024-10-07 17:31:36.930 [main] INFO  org.anz.challenge.util.Log - Time: 01:00 PM - 02:00 PM  |  VWAP: 1.0852632379195992
2024-10-07 17:31:36.930 [main] INFO  org.anz.challenge.util.Log - Time: 02:00 PM - 03:00 PM  |  VWAP: 1.0849928717821755
2024-10-07 17:31:36.930 [main] INFO  org.anz.challenge.util.Log - Time: 03:00 PM - 04:00 PM  |  VWAP: 1.0856491524089569
2024-10-07 17:31:36.930 [main] INFO  org.anz.challenge.util.Log - Time: 04:00 PM - 05:00 PM  |  VWAP: 1.083656557690513
2024-10-07 17:31:36.930 [main] INFO  org.anz.challenge.util.Log - Time: 05:00 PM - 06:00 PM  |  VWAP: 1.0858083387313382
2024-10-07 17:31:36.930 [main] INFO  org.anz.challenge.util.Log - Time: 06:00 PM - 07:00 PM  |  VWAP: 1.0845826798087714
2024-10-07 17:31:36.930 [main] INFO  org.anz.challenge.util.Log - Time: 07:00 PM - 08:00 PM  |  VWAP: 1.0845488815106585
2024-10-07 17:31:36.931 [main] INFO  org.anz.challenge.util.Log - Time: 08:00 PM - 09:00 PM  |  VWAP: 1.084992565657384
2024-10-07 17:31:36.931 [main] INFO  org.anz.challenge.util.Log - Time: 09:00 PM - 10:00 PM  |  VWAP: 1.0851297389938552
2024-10-07 17:31:36.931 [main] INFO  org.anz.challenge.util.Log - Time: 10:00 PM - 11:00 PM  |  VWAP: 1.0844275978603923
2024-10-07 17:31:36.931 [main] INFO  org.anz.challenge.util.Log - Time: 11:00 PM - 12:00 PM  |  VWAP: 1.084382853162709
2024-10-07 17:31:36.931 [main] INFO  org.anz.challenge.util.Log - Total Time: 3829ms
